d:\drivers\umdfdriver\x64\debug\vc143.pdb
d:\drivers\umdfdriver\x64\debug\queue.obj
d:\drivers\umdfdriver\x64\debug\driver.obj
d:\drivers\umdfdriver\x64\debug\device.obj
d:\drivers\umdfdriver\x64\debug\umdfdriver\umdfdriver.cat
d:\drivers\umdfdriver\x64\debug\umdfdriver.dll
d:\drivers\umdfdriver\x64\debug\umdfdriver.pdb
d:\drivers\umdfdriver\x64\debug\umdfdriver.lib
d:\drivers\umdfdriver\x64\debug\umdfdriver.exp
d:\drivers\umdfdriver\x64\debug\umdfdriver.inf
d:\drivers\umdfdriver\x64\debug\device.tmh
d:\drivers\umdfdriver\x64\debug\driver.tmh
d:\drivers\umdfdriver\x64\debug\queue.tmh
d:\drivers\umdfdriver\x64\debug\umdfdriver.cer
d:\drivers\umdfdriver\x64\debug\umdfdriver.tlog\cl.command.1.tlog
d:\drivers\umdfdriver\x64\debug\umdfdriver.tlog\cl.items.tlog
d:\drivers\umdfdriver\x64\debug\umdfdriver.tlog\cl.read.1.tlog
d:\drivers\umdfdriver\x64\debug\umdfdriver.tlog\cl.write.1.tlog
d:\drivers\umdfdriver\x64\debug\umdfdriver.tlog\inf2cat-expand.41552.read.1.tlog
d:\drivers\umdfdriver\x64\debug\umdfdriver.tlog\inf2cat-expand.41552.write.1.tlog
d:\drivers\umdfdriver\x64\debug\umdfdriver.tlog\inf2cat-expand.read.1.tlog
d:\drivers\umdfdriver\x64\debug\umdfdriver.tlog\inf2cat-expand.write.1.tlog
d:\drivers\umdfdriver\x64\debug\umdfdriver.tlog\inf2cat.command.1.tlog
d:\drivers\umdfdriver\x64\debug\umdfdriver.tlog\inf2cat.read.1.tlog
d:\drivers\umdfdriver\x64\debug\umdfdriver.tlog\inf2cat.write.1.tlog
d:\drivers\umdfdriver\x64\debug\umdfdriver.tlog\link.command.1.tlog
d:\drivers\umdfdriver\x64\debug\umdfdriver.tlog\link.read.1.tlog
d:\drivers\umdfdriver\x64\debug\umdfdriver.tlog\link.write.1.tlog
d:\drivers\umdfdriver\x64\debug\umdfdriver.tlog\link.write.2u.tlog
d:\drivers\umdfdriver\x64\debug\umdfdriver.tlog\signtool.command.1.tlog
d:\drivers\umdfdriver\x64\debug\umdfdriver.tlog\signtool.read.1.tlog
d:\drivers\umdfdriver\x64\debug\umdfdriver.tlog\signtool.timestamp.1.tlog
d:\drivers\umdfdriver\x64\debug\umdfdriver.tlog\signtool.write.1.tlog
d:\drivers\umdfdriver\x64\debug\umdfdriver.tlog\stampinf.command.1.tlog
d:\drivers\umdfdriver\x64\debug\umdfdriver.tlog\stampinf.read.1.tlog
d:\drivers\umdfdriver\x64\debug\umdfdriver.tlog\stampinf.write.1.tlog
d:\drivers\umdfdriver\x64\debug\umdfdriver.tlog\tracewpp.command.1.tlog
d:\drivers\umdfdriver\x64\debug\umdfdriver.tlog\tracewpp.read.1.tlog
d:\drivers\umdfdriver\x64\debug\umdfdriver.tlog\tracewpp.write.1.tlog
